<?xml version="1.0" encoding="UTF-8"?>
<!-- Generated by org.testng.reporters.JUnitXMLReporter -->
<testsuite hostname="SSTPR059" ignored="0" name="edgeTest" tests="9" failures="0" timestamp="20 Nov 2019 09:44:00 GMT" time="0.597" errors="0">
  <testcase name="@BeforeClass setup" time="0.542" classname="org.map.hashmap.TestClass">
    <failure type="org.openqa.selenium.WebDriverException" message="unknown error: cannot find Microsoft Edge binary
Build info: version: &amp;apos;3.141.59&amp;apos;, revision: &amp;apos;e82be7d358&amp;apos;, time: &amp;apos;2018-11-14T08:17:03&amp;apos;
System info: host: &amp;apos;SSTPR059&amp;apos;, ip: &amp;apos;192.168.8.31&amp;apos;, os.name: &amp;apos;Windows 7&amp;apos;, os.arch: &amp;apos;amd64&amp;apos;, os.version: &amp;apos;6.1&amp;apos;, java.version: &amp;apos;1.8.0_131&amp;apos;
Driver info: driver.version: EdgeDriver
remote stacktrace: Backtrace:
	Ordinal0 [0x000000013F558742+1935170]
	Ordinal0 [0x000000013F4BCBD2+1297362]
	Ordinal0 [0x000000013F420971+657777]
	Ordinal0 [0x000000013F390F0E+69390]
	Ordinal0 [0x000000013F3B811A+229658]
	Ordinal0 [0x000000013F3B510F+217359]
	Ordinal0 [0x000000013F39703F+94271]
	Ordinal0 [0x000000013F39813E+98622]
	Ordinal0 [0x000000013F4DB641+1422913]
	GetHandleVerifier [0x000000013F619999+655817]
	GetHandleVerifier [0x000000013F619731+655201]
	GetHandleVerifier [0x000000013F6217FC+688172]
	GetHandleVerifier [0x000000013F61A173+657827]
	Ordinal0 [0x000000013F4D163E+1381950]
	Ordinal0 [0x000000013F4DDAD6+1432278]
	Ordinal0 [0x000000013F4DC94D+1427789]
	BaseThreadInitThunk [0x0000000076C3556D+13]
	RtlUserThreadStart [0x0000000076E9385D+29]
">
      <![CDATA[org.openqa.selenium.WebDriverException: unknown error: cannot find Microsoft Edge binary
Build info: version: '3.141.59', revision: 'e82be7d358', time: '2018-11-14T08:17:03'
System info: host: 'SSTPR059', ip: '192.168.8.31', os.name: 'Windows 7', os.arch: 'amd64', os.version: '6.1', java.version: '1.8.0_131'
Driver info: driver.version: EdgeDriver
remote stacktrace: Backtrace:
Ordinal0 [0x000000013F558742+1935170]
Ordinal0 [0x000000013F4BCBD2+1297362]
Ordinal0 [0x000000013F420971+657777]
Ordinal0 [0x000000013F390F0E+69390]
Ordinal0 [0x000000013F3B811A+229658]
Ordinal0 [0x000000013F3B510F+217359]
Ordinal0 [0x000000013F39703F+94271]
Ordinal0 [0x000000013F39813E+98622]
Ordinal0 [0x000000013F4DB641+1422913]
GetHandleVerifier [0x000000013F619999+655817]
GetHandleVerifier [0x000000013F619731+655201]
GetHandleVerifier [0x000000013F6217FC+688172]
GetHandleVerifier [0x000000013F61A173+657827]
Ordinal0 [0x000000013F4D163E+1381950]
Ordinal0 [0x000000013F4DDAD6+1432278]
Ordinal0 [0x000000013F4DC94D+1427789]
BaseThreadInitThunk [0x0000000076C3556D+13]
RtlUserThreadStart [0x0000000076E9385D+29]

at org.openqa.selenium.remote.W3CHandshakeResponse.lambda$errorHandler$0(W3CHandshakeResponse.java:62)
at org.openqa.selenium.remote.HandshakeResponse.lambda$getResponseFunction$0(HandshakeResponse.java:30)
at org.openqa.selenium.remote.ProtocolHandshake.lambda$createSession$0(ProtocolHandshake.java:126)
at java.util.stream.ReferencePipeline$3$1.accept(ReferencePipeline.java:193)
at java.util.Spliterators$ArraySpliterator.tryAdvance(Spliterators.java:958)
at java.util.stream.ReferencePipeline.forEachWithCancel(ReferencePipeline.java:126)
at java.util.stream.AbstractPipeline.copyIntoWithCancel(AbstractPipeline.java:498)
at java.util.stream.AbstractPipeline.copyInto(AbstractPipeline.java:485)
at java.util.stream.AbstractPipeline.wrapAndCopyInto(AbstractPipeline.java:471)
at java.util.stream.FindOps$FindOp.evaluateSequential(FindOps.java:152)
at java.util.stream.AbstractPipeline.evaluate(AbstractPipeline.java:234)
at java.util.stream.ReferencePipeline.findFirst(ReferencePipeline.java:464)
at org.openqa.selenium.remote.ProtocolHandshake.createSession(ProtocolHandshake.java:128)
at org.openqa.selenium.remote.ProtocolHandshake.createSession(ProtocolHandshake.java:74)
at org.openqa.selenium.remote.HttpCommandExecutor.execute(HttpCommandExecutor.java:136)
at org.openqa.selenium.remote.service.DriverCommandExecutor.execute(DriverCommandExecutor.java:83)
at org.openqa.selenium.remote.RemoteWebDriver.execute(RemoteWebDriver.java:552)
at org.openqa.selenium.remote.RemoteWebDriver.startSession(RemoteWebDriver.java:213)
at org.openqa.selenium.remote.RemoteWebDriver.<init>(RemoteWebDriver.java:131)
at org.openqa.selenium.edge.EdgeDriver.<init>(EdgeDriver.java:141)
at org.openqa.selenium.edge.EdgeDriver.<init>(EdgeDriver.java:96)
at org.map.hashmap.TestClass.setup(TestClass.java:68)
... Removed 30 stack frames]]>
    </failure>
  </testcase> <!-- @BeforeClass setup -->
  <testcase name="@AfterTest endTest" time="0.0" classname="org.map.hashmap.TestClass">
    <skipped/>
  </testcase> <!-- @AfterTest endTest -->
  <testcase name="test1" time="0.0" classname="org.map.hashmap.TestClass">
    <skipped/>
  </testcase> <!-- test1 -->
  <testcase name="test2" time="0.0" classname="org.map.hashmap.TestClass">
    <skipped/>
  </testcase> <!-- test2 -->
  <testcase name="test3" time="0.0" classname="org.map.hashmap.TestClass">
    <skipped/>
  </testcase> <!-- test3 -->
  <testcase name="test4" time="0.0" classname="org.map.hashmap.TestClass">
    <skipped/>
  </testcase> <!-- test4 -->
  <testcase name="test5" time="0.0" classname="org.map.hashmap.TestClass">
    <skipped/>
  </testcase> <!-- test5 -->
  <testcase name="test6" time="0.0" classname="org.map.hashmap.TestClass">
    <skipped/>
  </testcase> <!-- test6 -->
  <testcase name="test7" time="0.0" classname="org.map.hashmap.TestClass">
    <skipped/>
  </testcase> <!-- test7 -->
  <testcase name="test8" time="0.0" classname="org.map.hashmap.TestClass">
    <skipped/>
  </testcase> <!-- test8 -->
  <testcase name="test9" time="0.0" classname="org.map.hashmap.TestClass">
    <skipped/>
  </testcase> <!-- test9 -->
</testsuite> <!-- edgeTest -->
